-1 2 0.6106194690265486
-1 3 0.4690265486725664
-1 4 0.6371681415929203
-1 5 0.5796460176991151
-1 10 0.2079646017699115
-1 13 0.5
-1 16 0.3230088495575221
-1 20 0.40707964601769914
-1 21 0.7610619469026548
-1 22 0.10619469026548672
-1 28 0.3407079646017699
-1 45 0.17256637168141592
-1 46 0.3274336283185841
-1 49 0.08849557522123894
-1 50 0.11061946902654868
-1 54 0.3584070796460177
-1 55 0.27876106194690264
-1 56 0.3407079646017699
-1 57 0.47345132743362833
-1 58 0.8628318584070797
-1 59 0.37610619469026546
-1 62 0.9026548672566371
-1 63 0.8451327433628318
-1 66 0.1415929203539823
-1 68 0.30973451327433627
-1 69 0.3805309734513274
-1 70 0.10176991150442478
-1 71 0.12389380530973451
-1 72 0.048672566371681415
-1 77 0.10619469026548672
-1 80 0.47345132743362833
-1 81 0.6327433628318584
-1 82 0.8539823008849557
-1 83 0.588495575221239
-1 84 0.4690265486725664
-1 87 0.7123893805309734
-1 88 0.19469026548672566
-1 89 0.38495575221238937
-1 90 0.13716814159292035
-1 91 0.19911504424778761
-1 92 0.2345132743362832
-1 96 0.5221238938053098
-1 102 0.11504424778761062
-1 105 0.7079646017699115
-1 106 0.6902654867256637
-1 107 1.0
-1 108 0.26548672566371684
-1 109 0.02654867256637168
-1 110 0.06637168141592921
-1 111 0.03982300884955752
-1 112 0.08849557522123894
-1 114 0.5132743362831859
-1 115 0.4823008849557522
-1 118 0.15486725663716813
-1 121 1.0
-1 124 0.11946902654867257
-1 126 0.22123893805309736
-1 127 0.08849557522123894
-1 131 0.37168141592920356
-1 132 0.4424778761061947
-1 137 0.5796460176991151
-1 138 0.2345132743362832
-1 142 0.6150442477876106
-1 144 0.084070796460177
-1 145 0.39823008849557523
-1 147 0.2920353982300885
-1 152 0.3584070796460177
-1 153 0.23893805309734514
-1 154 0.2831858407079646
-1 155 0.3185840707964602
-1 158 0.3584070796460177
-1 159 0.24336283185840707
-1 162 0.28761061946902655
-1 163 0.26548672566371684
-1 169 0.4469026548672566
-1 173 0.46017699115044247
-1 174 0.4424778761061947
-1 175 0.07079646017699115
-1 183 0.7212389380530974
-1 184 0.47345132743362833
-1 186 0.12389380530973451
-1 187 0.28761061946902655
-1 188 0.18141592920353983
-1 189 0.3185840707964602
-1 190 0.18141592920353983
-1 192 0.15486725663716813
-1 193 0.19911504424778761
-1 194 0.3185840707964602
-1 195 0.25663716814159293
-1 208 0.252212389380531
-1 209 0.5176991150442478
-1 210 0.5530973451327433
-1 211 0.9070796460176991
-1 212 0.6592920353982301
-1 217 0.13716814159292035
-1 230 0.1415929203539823
-1 233 0.3938053097345133
-1 234 0.2920353982300885
-1 235 0.15486725663716813
-1 236 0.3584070796460177
-1 237 0.20353982300884957
-1 238 0.2168141592920354
-1 239 0.048672566371681415
-1 240 0.14601769911504425
-1 241 0.12389380530973451
-1 242 0.2168141592920354
-1 243 0.35398230088495575
-1 244 0.19469026548672566
-1 249 0.7477876106194691
-1 252 0.7610619469026548
-1 253 0.20353982300884957
-1 254 0.34513274336283184
-1 255 0.28761061946902655
-1 256 0.4646017699115044
-1 258 0.28761061946902655
-1 259 0.16371681415929204
-1 260 0.10176991150442478
-1 269 0.3584070796460177
-1 271 0.4424778761061947
-1 279 0.061946902654867256
-1 281 0.41150442477876104
-1 282 0.6637168141592921
-1 285 0.5309734513274337
-1 286 0.3141592920353982
-1 287 0.12831858407079647
-1 288 0.2079646017699115
-1 298 0.08849557522123894
-1 299 0.13274336283185842
-1 300 0.3407079646017699
-1 301 0.4557522123893805
-1 302 0.13274336283185842
-1 303 0.6548672566371682
-1 304 0.20353982300884957
-1 305 0.4336283185840708
-1 306 0.20353982300884957
-1 319 0.048672566371681415
-1 325 0.13716814159292035
-1 326 0.19469026548672566
-1 327 0.17256637168141592
-1 328 0.09734513274336283
-1 329 0.5486725663716814
-1 333 0.5575221238938053
-1 355 0.33185840707964603
-1 356 0.3053097345132743
-1 357 0.30973451327433627
-1 363 0.25663716814159293
-1 364 0.03982300884955752
-1 365 0.1902654867256637
-1 366 0.4469026548672566
-1 367 0.2920353982300885
-1 369 0.048672566371681415
-1 371 0.4026548672566372
-1 372 0.13274336283185842
-1 373 0.18584070796460178
-1 375 0.39823008849557523
-1 400 0.17256637168141592
-1 404 0.41150442477876104
-1 405 0.5530973451327433
-1 408 0.3805309734513274
-1 410 0.06637168141592921
-1 411 0.5442477876106194
-1 412 0.504424778761062
-1 416 0.01327433628318584
-1 418 0.18584070796460178
-1 420 0.5398230088495575
-1 422 0.21238938053097345
-1 424 0.5398230088495575
-1 427 0.252212389380531
-1 431 0.11946902654867257
-1 432 0.035398230088495575
-1 433 0.15486725663716813
-1 434 0.7522123893805309
-1 453 0.14601769911504425
-1 454 0.05309734513274336
-1 460 0.23893805309734514
-1 462 0.15486725663716813
-1 463 0.017699115044247787
-1 467 0.11504424778761062
-1 469 0.12389380530973451
-1 471 0.05752212389380531
-1 472 0.022123893805309734
-1 473 0.46017699115044247
-1 474 0.45132743362831856
-1 475 0.008849557522123894
-1 476 0.03982300884955752
-1 477 0.07964601769911504
-1 478 0.22566371681415928
-1 480 0.2168141592920354
-1 481 0.3230088495575221
-1 489 0.1902654867256637
-1 490 0.18141592920353983
-1 492 0.1504424778761062
-1 507 0.02654867256637168
-1 508 0.21238938053097345
-1 509 0.36283185840707965
-1 512 0.030973451327433628
-1 513 0.2345132743362832
-1 514 0.05752212389380531
-1 516 0.10619469026548672
-1 517 0.07079646017699115
-1 518 0.3805309734513274
-1 520 0.38495575221238937
-1 524 0.004424778761061947
-1 531 0.21238938053097345
-1 532 0.084070796460177
-1 533 0.42035398230088494
-1 536 0.05309734513274336
-1 540 0.05309734513274336
-1 541 0.084070796460177
-1 546 0.4469026548672566
-1 549 0.3407079646017699
-1 550 0.14601769911504425
-1 551 0.09734513274336283
-1 552 0.2610619469026549
-1 559 0.03982300884955752
-1 561 0.004424778761061947
-1 564 0.13274336283185842
-1 571 0.084070796460177
-1 577 0.05752212389380531
-1 578 0.004424778761061947
-1 582 0.10176991150442478
-1 586 0.10619469026548672
-1 587 0.09292035398230089
-1 589 0.12831858407079647
-1 591 0.048672566371681415
-1 594 0.022123893805309734
-1 596 0.035398230088495575
-1 597 0.10619469026548672
-1 599 0.06637168141592921
-1 604 0.030973451327433628
-1 607 0.13274336283185842
-1 610 0.084070796460177
-1 612 0.24778761061946902
-1 613 0.048672566371681415
-1 615 0.2743362831858407
-1 619 0.05752212389380531
-1 622 0.004424778761061947
-1 624 0.030973451327433628
-1 625 0.02654867256637168
-1 626 0.004424778761061947
-1 627 0.07964601769911504
-1 630 0.017699115044247787
-1 631 0.017699115044247787
-1 635 0.04424778761061947
-1 637 0.022123893805309734
-1 638 0.09734513274336283
-1 639 0.02654867256637168
-1 641 0.09734513274336283
-1 642 0.10176991150442478
-1 643 0.048672566371681415
-1 646 0.022123893805309734
-1 647 0.05309734513274336
-1 651 0.08849557522123894
-1 652 0.03982300884955752
-1 654 0.13274336283185842
-1 657 0.004424778761061947
-1 663 0.11504424778761062
-1 665 0.17699115044247787
-1 667 0.12831858407079647
-1 669 0.04424778761061947
-1 671 0.1415929203539823
-1 678 0.07079646017699115
-1 679 0.11061946902654868
-1 683 0.04424778761061947
-1 685 0.3407079646017699
-1 686 0.04424778761061947
-1 693 0.017699115044247787
-1 695 0.09292035398230089
-1 698 0.22123893805309736
-1 701 0.004424778761061947
-1 702 0.008849557522123894
-1 710 0.11061946902654868
-1 713 0.017699115044247787
-1 715 0.02654867256637168
-1 716 0.017699115044247787
-1 718 0.02654867256637168
-1 728 0.07964601769911504
-1 730 0.07079646017699115
-1 736 0.02654867256637168
-1 737 0.017699115044247787
-1 738 0.24336283185840707
-1 743 0.030973451327433628
-1 747 0.2168141592920354
-1 748 0.13716814159292035
-1 750 0.004424778761061947
-1 752 0.01327433628318584
-1 755 0.004424778761061947
-1 762 0.004424778761061947
-1 763 0.017699115044247787
-1 767 0.02654867256637168
-1 769 0.01327433628318584
-1 771 0.030973451327433628
-1 774 0.004424778761061947
-1 780 0.004424778761061947
-1 783 0.05309734513274336
-1 787 0.004424778761061947
-1 792 0.004424778761061947
-1 796 0.01327433628318584
-1 803 0.13716814159292035
-1 806 0.048672566371681415
-1 807 0.02654867256637168
-1 809 0.35398230088495575
-1 810 0.05309734513274336
-1 811 0.02654867256637168
-1 812 0.3584070796460177
-1 815 0.13716814159292035
-1 818 0.048672566371681415
-1 826 0.17256637168141592
-1 828 0.15486725663716813
-1 831 0.004424778761061947
-1 832 0.19469026548672566
-1 834 0.004424778761061947
-1 837 0.017699115044247787
-1 838 0.008849557522123894
-1 842 0.008849557522123894
-1 845 0.21238938053097345
-1 849 0.030973451327433628
-1 853 0.004424778761061947
-1 854 0.030973451327433628
-1 855 0.02654867256637168
-1 858 0.004424778761061947
-1 859 0.5132743362831859
-1 863 0.004424778761061947
-1 864 0.004424778761061947
-1 865 0.084070796460177
-1 866 0.017699115044247787
-1 876 0.004424778761061947
-1 877 0.04424778761061947
-1 879 0.004424778761061947
-1 880 0.18584070796460178
-1 881 0.004424778761061947
-1 885 0.030973451327433628
-1 886 0.04424778761061947
-1 887 0.030973451327433628
-1 888 0.004424778761061947
-1 889 0.030973451327433628
-1 891 0.017699115044247787
-1 892 0.084070796460177
-1 894 0.004424778761061947
-1 896 0.1902654867256637
-1 898 0.022123893805309734
-1 899 0.004424778761061947
-1 901 0.004424778761061947
-1 902 0.008849557522123894
-1 906 0.017699115044247787
-1 909 0.030973451327433628
-1 911 0.008849557522123894
-1 921 0.07964601769911504
-1 924 0.06637168141592921
-1 926 0.10176991150442478
-1 927 0.09292035398230089
-1 928 0.004424778761061947
-1 930 0.11946902654867257
-1 931 0.11504424778761062
-1 932 0.4247787610619469
-1 941 0.004424778761061947
-1 944 0.004424778761061947
-1 946 0.004424778761061947
-1 949 0.1592920353982301
-1 950 0.13274336283185842
-1 952 0.061946902654867256
-1 954 0.04424778761061947
-1 958 0.02654867256637168
-1 962 0.01327433628318584
-1 963 0.30973451327433627
-1 966 0.008849557522123894
-1 968 0.017699115044247787
-1 969 0.017699115044247787
-1 977 0.017699115044247787
-1 982 0.004424778761061947
-1 984 0.01327433628318584
-1 989 0.022123893805309734
-1 990 0.09292035398230089
-1 991 0.030973451327433628
-1 993 0.004424778761061947
-1 999 0.008849557522123894
-1 1001 0.05309734513274336
-1 1003 0.008849557522123894
-1 1004 0.004424778761061947
-2 0 0.3230769230769231
-2 1 0.18974358974358974
-2 6 0.3435897435897436
-2 14 0.5743589743589743
-2 17 0.4717948717948718
-2 18 0.3435897435897436
-2 41 0.4256410256410256
-2 42 0.2205128205128205
-2 51 0.3282051282051282
-2 52 0.19487179487179487
-2 53 0.24102564102564103
-2 60 0.4564102564102564
-2 61 0.4666666666666667
-2 64 0.5282051282051282
-2 65 0.4564102564102564
-2 67 0.035897435897435895
-2 73 0.2
-2 74 0.5076923076923077
-2 78 0.05641025641025641
-2 79 0.20512820512820512
-2 85 0.24615384615384617
-2 86 0.6666666666666666
-2 93 0.35384615384615387
-2 94 0.3487179487179487
-2 95 0.36923076923076925
-2 103 0.36923076923076925
-2 104 0.22564102564102564
-2 120 0.11794871794871795
-2 122 0.2153846153846154
-2 123 0.11794871794871795
-2 128 0.6564102564102564
-2 129 0.764102564102564
-2 130 0.15897435897435896
-2 133 0.47692307692307695
-2 143 0.22564102564102564
-2 146 0.1282051282051282
-2 148 0.14871794871794872
-2 149 0.2205128205128205
-2 150 0.2564102564102564
-2 156 0.17435897435897435
-2 157 0.5846153846153846
-2 160 0.958974358974359
-2 166 0.4564102564102564
-2 167 0.5230769230769231
-2 168 0.49230769230769234
-2 172 0.5025641025641026
-2 176 0.2205128205128205
-2 177 0.38461538461538464
-2 178 0.28717948717948716
-2 179 0.4
-2 180 0.4666666666666667
-2 181 0.48717948717948717
-2 182 0.3384615384615385
-2 191 0.4307692307692308
-2 196 0.24102564102564103
-2 197 0.2564102564102564
-2 198 0.18974358974358974
-2 199 0.3384615384615385
-2 200 0.26153846153846155
-2 201 0.38974358974358975
-2 202 0.035897435897435895
-2 203 0.15897435897435896
-2 204 0.2358974358974359
-2 205 0.18974358974358974
-2 206 0.4717948717948718
-2 207 0.17435897435897435
-2 214 0.3487179487179487
-2 215 0.4717948717948718
-2 218 0.40512820512820513
-2 219 0.09230769230769231
-2 220 0.07179487179487179
-2 221 0.35384615384615387
-2 222 0.2923076923076923
-2 223 0.2923076923076923
-2 224 0.08717948717948718
-2 225 0.17435897435897435
-2 226 0.2512820512820513
-2 227 0.06153846153846154
-2 228 0.09230769230769231
-2 231 0.49743589743589745
-2 232 0.6205128205128205
-2 248 0.11794871794871795
-2 250 0.24615384615384617
-2 257 0.14358974358974358
-2 262 0.19487179487179487
-2 268 0.2
-2 270 0.07179487179487179
-2 275 0.28717948717948716
-2 276 0.046153846153846156
-2 277 0.15384615384615385
-2 278 0.28205128205128205
-2 280 0.6564102564102564
-2 283 0.5025641025641026
-2 284 0.3076923076923077
-2 289 0.041025641025641026
-2 290 0.37948717948717947
-2 291 0.20512820512820512
-2 292 0.2564102564102564
-2 294 0.18974358974358974
-2 295 0.5435897435897435
-2 296 0.3230769230769231
-2 297 0.13333333333333333
-2 307 0.13846153846153847
-2 308 0.14871794871794872
-2 309 0.29743589743589743
-2 310 0.14871794871794872
-2 311 0.15384615384615385
-2 312 0.14871794871794872
-2 313 0.11794871794871795
-2 314 0.23076923076923078
-2 315 0.03076923076923077
-2 316 0.2564102564102564
-2 317 0.15897435897435896
-2 320 0.38461538461538464
-2 321 0.4
-2 330 0.05641025641025641
-2 331 0.11282051282051282
-2 340 0.31794871794871793
-2 341 0.08717948717948718
-2 342 0.517948717948718
-2 343 0.14871794871794872
-2 344 0.15384615384615385
-2 345 0.18974358974358974
-2 346 0.20512820512820512
-2 347 0.16923076923076924
-2 348 0.03076923076923077
-2 349 0.17435897435897435
-2 350 0.18461538461538463
-2 351 0.3282051282051282
-2 352 0.19487179487179487
-2 368 0.3282051282051282
-2 376 0.4
-2 377 1.0
-2 378 0.16923076923076924
-2 379 0.38461538461538464
-2 380 0.3230769230769231
-2 381 0.2717948717948718
-2 382 0.02564102564102564
-2 383 0.035897435897435895
-2 384 0.06666666666666667
-2 385 0.1794871794871795
-2 386 0.041025641025641026
-2 387 0.2512820512820513
-2 388 0.18974358974358974
-2 389 0.29743589743589743
-2 390 0.3435897435897436
-2 391 0.14871794871794872
-2 392 0.13333333333333333
-2 393 0.4205128205128205
-2 394 0.30256410256410254
-2 395 0.24615384615384617
-2 396 0.07692307692307693
-2 397 0.31794871794871793
-2 398 0.020512820512820513
-2 399 0.11794871794871795
-2 401 0.26153846153846155
-2 402 0.035897435897435895
-2 403 0.11794871794871795
-2 413 0.24102564102564103
-2 415 0.02564102564102564
-2 419 0.3076923076923077
-2 425 0.19487179487179487
-2 426 0.36923076923076925
-2 435 0.06666666666666667
-2 440 0.4307692307692308
-2 445 0.11794871794871795
-2 450 0.4512820512820513
-2 457 0.18461538461538463
-2 458 0.27692307692307694
-2 459 0.26153846153846155
-2 464 0.2205128205128205
-2 465 0.05641025641025641
-2 468 0.07692307692307693
-2 479 0.02564102564102564
-2 482 0.2
-2 483 0.28717948717948716
-2 484 0.14871794871794872
-2 486 0.2358974358974359
-2 491 0.07179487179487179
-2 493 0.48205128205128206
-2 494 0.31794871794871793
-2 495 0.24102564102564103
-2 497 0.09230769230769231
-2 511 0.07692307692307693
-2 515 0.30256410256410254
-2 519 0.07179487179487179
-2 522 0.03076923076923077
-2 523 0.1282051282051282
-2 526 0.4
-2 528 0.05641025641025641
-2 534 0.020512820512820513
-2 537 0.2
-2 539 0.041025641025641026
-2 542 0.15384615384615385
-2 543 0.19487179487179487
-2 544 0.11794871794871795
-2 548 0.09743589743589744
-2 556 0.05641025641025641
-2 557 0.11794871794871795
-2 560 0.18974358974358974
-2 562 0.2205128205128205
-2 563 0.13846153846153847
-2 567 0.02564102564102564
-2 568 0.17435897435897435
-2 572 0.1641025641025641
-2 574 0.020512820512820513
-2 575 0.05641025641025641
-2 576 0.06153846153846154
-2 581 0.16923076923076924
-2 584 0.015384615384615385
-2 585 0.07179487179487179
-2 593 0.30256410256410254
-2 595 0.005128205128205128
-2 600 0.06666666666666667
-2 601 0.09230769230769231
-2 606 0.005128205128205128
-2 611 0.16923076923076924
-2 616 0.03076923076923077
-2 620 0.02564102564102564
-2 621 0.11282051282051282
-2 623 0.06666666666666667
-2 628 0.041025641025641026
-2 629 0.020512820512820513
-2 632 0.03076923076923077
-2 644 0.07179487179487179
-2 645 0.041025641025641026
-2 650 0.010256410256410256
-2 656 0.05641025641025641
-2 659 0.015384615384615385
-2 664 0.05128205128205128
-2 668 0.005128205128205128
-2 673 0.020512820512820513
-2 677 0.005128205128205128
-2 680 0.005128205128205128
-2 681 0.16923076923076924
-2 682 0.015384615384615385
-2 688 0.005128205128205128
-2 689 0.020512820512820513
-2 690 0.07179487179487179
-2 692 0.015384615384615385
-2 694 0.041025641025641026
-2 696 0.05641025641025641
-2 697 0.03076923076923077
-2 705 0.03076923076923077
-2 706 0.06153846153846154
-2 714 0.13333333333333333
-2 717 0.046153846153846156
-2 719 0.11282051282051282
-2 726 0.06153846153846154
-2 727 0.020512820512820513
-2 734 0.06153846153846154
-2 741 0.041025641025641026
-2 745 0.035897435897435895
-2 749 0.020512820512820513
-2 751 0.041025641025641026
-2 756 0.12307692307692308
-2 758 0.05128205128205128
-2 759 0.005128205128205128
-2 761 0.005128205128205128
-2 764 0.03076923076923077
-2 775 0.005128205128205128
-2 776 0.2205128205128205
-2 779 0.010256410256410256
-2 781 0.015384615384615385
-2 782 0.010256410256410256
-2 786 0.05128205128205128
-2 788 0.015384615384615385
-2 789 0.05128205128205128
-2 790 0.005128205128205128
-2 791 0.02564102564102564
-2 793 0.015384615384615385
-2 797 0.046153846153846156
-2 801 0.010256410256410256
-2 813 0.14358974358974358
-2 814 0.03076923076923077
-2 817 0.041025641025641026
-2 820 0.6
-2 821 0.010256410256410256
-2 822 0.13846153846153847
-2 824 0.010256410256410256
-2 829 0.020512820512820513
-2 835 0.03076923076923077
-2 836 0.03076923076923077
-2 839 0.010256410256410256
-2 840 0.12307692307692308
-2 841 0.07692307692307693
-2 843 0.010256410256410256
-2 848 0.015384615384615385
-2 850 0.005128205128205128
-2 851 0.11794871794871795
-2 852 0.035897435897435895
-2 857 0.015384615384615385
-2 861 0.005128205128205128
-2 868 0.005128205128205128
-2 869 0.046153846153846156
-2 870 0.015384615384615385
-2 871 0.005128205128205128
-2 872 0.10256410256410256
-2 873 0.010256410256410256
-2 874 0.015384615384615385
-2 882 0.010256410256410256
-2 903 0.020512820512820513
-2 904 0.005128205128205128
-2 905 0.05641025641025641
-2 907 0.11282051282051282
-2 908 0.21025641025641026
-2 910 0.005128205128205128
-2 917 0.21025641025641026
-2 918 0.2153846153846154
-2 920 0.005128205128205128
-2 922 0.08205128205128205
-2 934 0.010256410256410256
-2 936 0.14358974358974358
-2 938 0.010256410256410256
-2 939 0.02564102564102564
-2 940 0.010256410256410256
-2 942 0.010256410256410256
-2 943 0.005128205128205128
-2 947 0.07179487179487179
-2 948 0.005128205128205128
-2 955 0.05641025641025641
-2 959 0.005128205128205128
-2 960 0.005128205128205128
-2 961 0.005128205128205128
-2 965 0.005128205128205128
-2 970 0.03076923076923077
-2 974 0.05641025641025641
-2 979 0.02564102564102564
-2 985 0.005128205128205128
-2 992 0.015384615384615385
-2 994 0.005128205128205128
-2 998 0.005128205128205128
-2 1000 0.05641025641025641
-2 1002 0.005128205128205128
-3 510 0.2604166666666667
-3 7 1.0
-3 264 0.53125
-3 9 0.625
-3 778 0.03125
-3 266 0.4270833333333333
-3 267 0.28125
-3 265 0.625
-3 8 0.5520833333333334
-3 11 0.8541666666666666
-3 525 0.59375
-3 521 0.11458333333333333
-3 777 0.16666666666666666
-3 530 0.09375
-3 529 0.5416666666666666
-3 12 0.6770833333333334
-3 19 0.6979166666666666
-3 535 0.0625
-3 538 0.125
-3 804 0.11458333333333333
-3 805 0.041666666666666664
-3 293 0.3229166666666667
-3 553 0.08333333333333333
-3 554 0.125
-3 555 0.15625
-3 43 0.19791666666666666
-3 44 0.9583333333333334
-3 558 0.13541666666666666
-3 565 0.15625
-3 566 0.3125
-3 823 0.40625
-3 825 0.041666666666666664
-3 569 0.59375
-3 827 0.010416666666666666
-3 570 0.3333333333333333
-3 573 0.3020833333333333
-3 830 0.010416666666666666
-3 833 0.0625
-3 324 0.19791666666666666
-3 583 0.010416666666666666
-3 844 0.010416666666666666
-3 332 0.40625
-3 598 0.08333333333333333
-3 856 0.625
-3 602 0.2604166666666667
-3 862 0.010416666666666666
-3 608 0.4270833333333333
-3 867 0.010416666666666666
-3 358 0.78125
-3 359 0.53125
-3 360 0.3229166666666667
-3 362 0.4375
-3 374 0.2604166666666667
-3 893 0.020833333333333332
-3 134 0.17708333333333334
-3 649 0.13541666666666666
-3 141 0.9583333333333334
-3 912 0.052083333333333336
-3 913 0.25
-3 661 0.5625
-3 406 0.4270833333333333
-3 407 0.3125
-3 666 0.2916666666666667
-3 923 0.0625
-3 672 0.13541666666666666
-3 161 0.3854166666666667
-3 674 0.2916666666666667
-3 421 0.3541666666666667
-3 430 0.4270833333333333
-3 951 0.17708333333333334
-3 441 0.4583333333333333
-3 699 0.3020833333333333
-3 956 0.13541666666666666
-3 700 0.40625
-3 957 0.19791666666666666
-3 451 0.19791666666666666
-3 707 0.4270833333333333
-3 452 0.6666666666666666
-3 967 0.052083333333333336
-3 971 0.375
-3 972 0.010416666666666666
-3 973 0.010416666666666666
-3 975 0.010416666666666666
-3 720 0.3854166666666667
-3 466 0.6979166666666666
-3 723 0.10416666666666667
-3 213 0.71875
-3 729 0.07291666666666667
-3 247 0.2604166666666667
-3 733 0.10416666666666667
-3 739 0.020833333333333332
-3 740 0.010416666666666666
-3 996 0.020833333333333332
-3 487 0.22916666666666666
-3 488 0.16666666666666666
-3 496 0.3020833333333333
-3 754 0.3645833333333333
-3 498 0.875
-3 499 0.6875
-3 501 0.11458333333333333
-3 500 0.3229166666666667
-3 503 0.14583333333333334
-3 504 0.6145833333333334
-3 505 0.11458333333333333
-3 506 0.65625
-3 246 0.2708333333333333
-3 502 0.3541666666666667
-3 765 0.25
-3 766 0.052083333333333336
-4 261 0.5280898876404494
-4 263 0.5730337078651685
-4 527 0.19101123595505617
-4 785 0.033707865168539325
-4 23 0.7640449438202247
-4 24 0.48314606741573035
-4 25 0.3595505617977528
-4 26 0.5393258426966292
-4 795 0.011235955056179775
-4 27 0.8202247191011236
-4 29 0.6629213483146067
-4 30 0.7191011235955056
-4 31 0.47191011235955055
-4 32 0.5056179775280899
-4 545 0.24719101123595505
-4 33 0.4044943820224719
-4 547 0.43820224719101125
-4 36 0.39325842696629215
-4 34 0.47191011235955055
-4 35 0.6404494382022472
-4 37 0.48314606741573035
-4 39 0.38202247191011235
-4 38 0.6179775280898876
-4 40 0.9662921348314607
-4 47 0.5393258426966292
-4 48 0.6853932584269663
-4 816 0.24719101123595505
-4 318 0.5168539325842697
-4 75 0.23595505617977527
-4 588 0.21348314606741572
-4 76 0.3146067415730337
-4 846 0.033707865168539325
-4 590 0.3707865168539326
-4 847 0.34831460674157305
-4 336 0.33707865168539325
-4 337 0.3595505617977528
-4 338 0.5955056179775281
-4 339 0.6853932584269663
-4 603 0.011235955056179775
-4 860 0.34831460674157305
-4 605 0.02247191011235955
-4 609 0.06741573033707865
-4 361 0.6629213483146067
-4 875 0.011235955056179775
-4 878 0.06741573033707865
-4 113 0.797752808988764
-4 370 0.43820224719101125
-4 883 0.20224719101123595
-4 116 0.8426966292134831
-4 117 0.06741573033707865
-4 119 0.11235955056179775
-4 895 0.02247191011235955
-4 897 0.011235955056179775
-4 900 0.24719101123595505
-4 135 0.5056179775280899
-4 136 0.33707865168539325
-4 655 0.20224719101123595
-4 914 0.29213483146067415
-4 915 0.011235955056179775
-4 916 0.011235955056179775
-4 919 0.14606741573033707
-4 151 0.5730337078651685
-4 409 0.39325842696629215
-4 925 0.25842696629213485
-4 414 0.11235955056179775
-4 417 0.8202247191011236
-4 165 1.0
-4 423 0.4606741573033708
-4 170 0.7191011235955056
-4 171 0.5168539325842697
-4 945 0.033707865168539325
-4 436 0.02247191011235955
-4 437 0.5056179775280899
-4 438 0.9325842696629213
-4 439 0.011235955056179775
-4 953 0.1348314606741573
-4 442 0.2696629213483146
-4 443 0.7415730337078652
-4 444 0.4044943820224719
-4 449 0.011235955056179775
-4 964 0.0449438202247191
-4 455 0.8202247191011236
-4 976 0.33707865168539325
-4 721 0.07865168539325842
-4 722 0.02247191011235955
-4 978 0.056179775280898875
-4 724 0.011235955056179775
-4 980 0.0898876404494382
-4 725 0.1348314606741573
-4 983 0.011235955056179775
-4 981 0.33707865168539325
-4 470 0.29213483146067415
-4 986 0.02247191011235955
-4 987 0.0898876404494382
-4 988 0.011235955056179775
-4 229 0.23595505617977527
-4 485 0.33707865168539325
-4 997 0.033707865168539325
-4 753 0.25842696629213485
-4 757 0.033707865168539325
-4 245 0.550561797752809
-4 251 0.5168539325842697
-5 640 0.2978723404255319
-5 768 0.3617021276595745
-5 770 0.02127659574468085
-5 139 0.7872340425531915
-5 140 0.8297872340425532
-5 15 0.8936170212765957
-5 272 0.6170212765957447
-5 273 0.6170212765957447
-5 274 0.3404255319148936
-5 662 0.2127659574468085
-5 794 0.0425531914893617
-5 799 0.0425531914893617
-5 800 0.0425531914893617
-5 929 0.425531914893617
-5 676 0.06382978723404255
-5 164 0.723404255319149
-5 933 0.48936170212765956
-5 935 0.10638297872340426
-5 937 0.1702127659574468
-5 428 0.7021276595744681
-5 429 0.8723404255319149
-5 687 0.06382978723404255
-5 819 0.0851063829787234
-5 185 0.5106382978723404
-5 446 0.6595744680851063
-5 447 0.7872340425531915
-5 448 0.851063829787234
-5 322 0.7446808510638298
-5 323 0.6170212765957447
-5 708 0.3191489361702128
-5 709 0.0425531914893617
-5 579 0.5319148936170213
-5 461 0.574468085106383
-5 334 0.6170212765957447
-5 335 0.7446808510638298
-5 592 1.0
-5 216 0.5957446808510638
-5 735 0.1276595744680851
-5 97 0.6170212765957447
-5 354 0.2978723404255319
-5 98 0.44680851063829785
-5 99 0.44680851063829785
-5 353 0.7446808510638298
-5 101 0.3829787234042553
-5 100 0.7659574468085106
-5 617 0.1276595744680851
-5 618 0.2553191489361702
-5 760 0.10638297872340426
-5 125 0.574468085106383
-6 614 1.0
-6 742 1.0
-7 712 1.0
-7 995 1.0
-8 456 1.0
-9 580 1.0
-10 633 1.0
-11 634 1.0
-12 636 1.0
-13 648 1.0
-14 653 1.0
-15 658 1.0
-16 660 1.0
-17 670 1.0
-18 675 1.0
-19 684 1.0
-20 691 1.0
-21 703 1.0
-22 704 1.0
-23 711 1.0
-24 731 1.0
-25 732 1.0
-26 744 1.0
-27 746 1.0
-28 772 1.0
-29 773 1.0
-30 784 1.0
-31 798 1.0
-32 802 1.0
-33 808 1.0
-34 884 1.0
-35 890 1.0
